# JRE version: Java(TM) SE Runtime Environment (8.0_111-b14) (build 1.8.0_111-b14)
# Java VM: Java HotSpot(TM) 64-Bit Server VM (25.111-b14 mixed mode windows-amd64 compressed oops)
Heap:
 PSYoungGen      total 508928K, used 331264K [0x00000000d5d00000, 0x00000000ffc80000, 0x0000000100000000)
  eden space 331264K, 100% used [0x00000000d5d00000,0x00000000ea080000,0x00000000ea080000)
  from space 177664K, 0% used [0x00000000f4c80000,0x00000000f4c80000,0x00000000ffa00000)
  to   space 176128K, 0% used [0x00000000ea080000,0x00000000ea080000,0x00000000f4c80000)
 ParOldGen       total 897024K, used 896864K [0x0000000081600000, 0x00000000b8200000, 0x00000000d5d00000)
  object space 897024K, 99% used [0x0000000081600000,0x00000000b81d8108,0x00000000b8200000)
 Metaspace       used 16009K, capacity 16692K, committed 17024K, reserved 1064960K
  class space    used 2161K, capacity 2319K, committed 2432K, reserved 1048576K
GC Heap History (10 events):
Event: 60.993 GC heap after
Heap after GC invocations=88 (full 28):
 PSYoungGen      total 508928K, used 331263K [0x00000000d5d00000, 0x00000000ffc80000, 0x0000000100000000)
  eden space 331264K, 99% used [0x00000000d5d00000,0x00000000ea07fff0,0x00000000ea080000)
  from space 177664K, 0% used [0x00000000f4c80000,0x00000000f4c80000,0x00000000ffa00000)
  to   space 176128K, 0% used [0x00000000ea080000,0x00000000ea080000,0x00000000f4c80000)
 ParOldGen       total 897024K, used 896858K [0x0000000081600000, 0x00000000b8200000, 0x00000000d5d00000)
  object space 897024K, 99% used [0x0000000081600000,0x00000000b81d6a98,0x00000000b8200000)
 Metaspace       used 16009K, capacity 16692K, committed 17024K, reserved 1064960K
  class space    used 2161K, capacity 2319K, committed 2432K, reserved 1048576K
}
Event: 60.993 GC heap before
{Heap before GC invocations=89 (full 29):
 PSYoungGen      total 508928K, used 331264K [0x00000000d5d00000, 0x00000000ffc80000, 0x0000000100000000)
  eden space 331264K, 100% used [0x00000000d5d00000,0x00000000ea080000,0x00000000ea080000)
  from space 177664K, 0% used [0x00000000f4c80000,0x00000000f4c80000,0x00000000ffa00000)
  to   space 176128K, 0% used [0x00000000ea080000,0x00000000ea080000,0x00000000f4c80000)
 ParOldGen       total 897024K, used 896860K [0x0000000081600000, 0x00000000b8200000, 0x00000000d5d00000)
  object space 897024K, 99% used [0x0000000081600000,0x00000000b81d7268,0x00000000b8200000)
 Metaspace       used 16009K, capacity 16692K, committed 17024K, reserved 1064960K
  class space    used 2161K, capacity 2319K, committed 2432K, reserved 1048576K
Event: 61.824 GC heap after
Heap after GC invocations=89 (full 29):
 PSYoungGen      total 508928K, used 331264K [0x00000000d5d00000, 0x00000000ffc80000, 0x0000000100000000)
  eden space 331264K, 100% used [0x00000000d5d00000,0x00000000ea080000,0x00000000ea080000)
  from space 177664K, 0% used [0x00000000f4c80000,0x00000000f4c80000,0x00000000ffa00000)
  to   space 176128K, 0% used [0x00000000ea080000,0x00000000ea080000,0x00000000f4c80000)
 ParOldGen       total 897024K, used 896860K [0x0000000081600000, 0x00000000b8200000, 0x00000000d5d00000)
  object space 897024K, 99% used [0x0000000081600000,0x00000000b81d70f0,0x00000000b8200000)
 Metaspace       used 16009K, capacity 16692K, committed 17024K, reserved 1064960K
  class space    used 2161K, capacity 2319K, committed 2432K, reserved 1048576K
}
Event: 61.824 GC heap before
{Heap before GC invocations=90 (full 30):
 PSYoungGen      total 508928K, used 331264K [0x00000000d5d00000, 0x00000000ffc80000, 0x0000000100000000)
  eden space 331264K, 100% used [0x00000000d5d00000,0x00000000ea080000,0x00000000ea080000)
  from space 177664K, 0% used [0x00000000f4c80000,0x00000000f4c80000,0x00000000ffa00000)
  to   space 176128K, 0% used [0x00000000ea080000,0x00000000ea080000,0x00000000f4c80000)
 ParOldGen       total 897024K, used 896862K [0x0000000081600000, 0x00000000b8200000, 0x00000000d5d00000)
  object space 897024K, 99% used [0x0000000081600000,0x00000000b81d7ad0,0x00000000b8200000)
 Metaspace       used 16009K, capacity 16692K, committed 17024K, reserved 1064960K
  class space    used 2161K, capacity 2319K, committed 2432K, reserved 1048576K
Event: 62.638 GC heap after
Heap after GC invocations=90 (full 30):
 PSYoungGen      total 508928K, used 331264K [0x00000000d5d00000, 0x00000000ffc80000, 0x0000000100000000)
  eden space 331264K, 100% used [0x00000000d5d00000,0x00000000ea080000,0x00000000ea080000)
  from space 177664K, 0% used [0x00000000f4c80000,0x00000000f4c80000,0x00000000ffa00000)
  to   space 176128K, 0% used [0x00000000ea080000,0x00000000ea080000,0x00000000f4c80000)
 ParOldGen       total 897024K, used 896862K [0x0000000081600000, 0x00000000b8200000, 0x00000000d5d00000)
  object space 897024K, 99% used [0x0000000081600000,0x00000000b81d79f8,0x00000000b8200000)
 Metaspace       used 16009K, capacity 16692K, committed 17024K, reserved 1064960K
  class space    used 2161K, capacity 2319K, committed 2432K, reserved 1048576K
}
Event: 62.638 GC heap before
{Heap before GC invocations=91 (full 31):
 PSYoungGen      total 508928K, used 331264K [0x00000000d5d00000, 0x00000000ffc80000, 0x0000000100000000)
  eden space 331264K, 100% used [0x00000000d5d00000,0x00000000ea080000,0x00000000ea080000)
  from space 177664K, 0% used [0x00000000f4c80000,0x00000000f4c80000,0x00000000ffa00000)
  to   space 176128K, 0% used [0x00000000ea080000,0x00000000ea080000,0x00000000f4c80000)
 ParOldGen       total 897024K, used 896864K [0x0000000081600000, 0x00000000b8200000, 0x00000000d5d00000)
  object space 897024K, 99% used [0x0000000081600000,0x00000000b81d8338,0x00000000b8200000)
 Metaspace       used 16009K, capacity 16692K, committed 17024K, reserved 1064960K
  class space    used 2161K, capacity 2319K, committed 2432K, reserved 1048576K
Event: 63.451 GC heap after
Heap after GC invocations=91 (full 31):
 PSYoungGen      total 508928K, used 331250K [0x00000000d5d00000, 0x00000000ffc80000, 0x0000000100000000)
  eden space 331264K, 99% used [0x00000000d5d00000,0x00000000ea07cb78,0x00000000ea080000)
  from space 177664K, 0% used [0x00000000f4c80000,0x00000000f4c80000,0x00000000ffa00000)
  to   space 176128K, 0% used [0x00000000ea080000,0x00000000ea080000,0x00000000f4c80000)
 ParOldGen       total 897024K, used 896864K [0x0000000081600000, 0x00000000b8200000, 0x00000000d5d00000)
  object space 897024K, 99% used [0x0000000081600000,0x00000000b81d8108,0x00000000b8200000)
 Metaspace       used 16009K, capacity 16692K, committed 17024K, reserved 1064960K
  class space    used 2161K, capacity 2319K, committed 2432K, reserved 1048576K
}
Event: 63.451 GC heap before
{Heap before GC invocations=92 (full 32):
 PSYoungGen      total 508928K, used 331264K [0x00000000d5d00000, 0x00000000ffc80000, 0x0000000100000000)
  eden space 331264K, 100% used [0x00000000d5d00000,0x00000000ea080000,0x00000000ea080000)
  from space 177664K, 0% used [0x00000000f4c80000,0x00000000f4c80000,0x00000000ffa00000)
  to   space 176128K, 0% used [0x00000000ea080000,0x00000000ea080000,0x00000000f4c80000)
 ParOldGen       total 897024K, used 896864K [0x0000000081600000, 0x00000000b8200000, 0x00000000d5d00000)
  object space 897024K, 99% used [0x0000000081600000,0x00000000b81d8108,0x00000000b8200000)
 Metaspace       used 16009K, capacity 16692K, committed 17024K, reserved 1064960K
  class space    used 2161K, capacity 2319K, committed 2432K, reserved 1048576K
Event: 64.261 GC heap after
Heap after GC invocations=92 (full 32):
 PSYoungGen      total 508928K, used 331255K [0x00000000d5d00000, 0x00000000ffc80000, 0x0000000100000000)
  eden space 331264K, 99% used [0x00000000d5d00000,0x00000000ea07df18,0x00000000ea080000)
  from space 177664K, 0% used [0x00000000f4c80000,0x00000000f4c80000,0x00000000ffa00000)
  to   space 176128K, 0% used [0x00000000ea080000,0x00000000ea080000,0x00000000f4c80000)
 ParOldGen       total 897024K, used 896864K [0x0000000081600000, 0x00000000b8200000, 0x00000000d5d00000)
  object space 897024K, 99% used [0x0000000081600000,0x00000000b81d8108,0x00000000b8200000)
 Metaspace       used 16009K, capacity 16692K, committed 17024K, reserved 1064960K
  class space    used 2161K, capacity 2319K, committed 2432K, reserved 1048576K
}
Event: 64.262 GC heap before
{Heap before GC invocations=93 (full 33):
 PSYoungGen      total 508928K, used 331264K [0x00000000d5d00000, 0x00000000ffc80000, 0x0000000100000000)
  eden space 331264K, 100% used [0x00000000d5d00000,0x00000000ea080000,0x00000000ea080000)
  from space 177664K, 0% used [0x00000000f4c80000,0x00000000f4c80000,0x00000000ffa00000)
  to   space 176128K, 0% used [0x00000000ea080000,0x00000000ea080000,0x00000000f4c80000)
 ParOldGen       total 897024K, used 896864K [0x0000000081600000, 0x00000000b8200000, 0x00000000d5d00000)
  object space 897024K, 99% used [0x0000000081600000,0x00000000b81d8108,0x00000000b8200000)
 Metaspace       used 16009K, capacity 16692K, committed 17024K, reserved 1064960K
  class space    used 2161K, capacity 2319K, committed 2432K, reserved 1048576K

